<?xml version="1.0" encoding="utf-8"?><testsuites name="pytest tests"><testsuite name="pytest" errors="0" failures="0" skipped="0" tests="15" time="4.271" timestamp="2026-02-23T19:14:35.951331-03:00" hostname="DESKTOP-ETLKH58"><testcase classname="tests.test_chat" name="test_gerar_aventura_batch_sucesso" time="0.445" /><testcase classname="tests.test_chat" name="test_gerar_aventura_batch_json_invalido_fallback" time="0.657" /><testcase classname="tests.test_cli" name="test_cli_help" time="0.006" /><testcase classname="tests.test_cli" name="test_cli_modo_batch" time="0.002" /><testcase classname="tests.test_cli" name="test_cli_modo_batch_com_extras" time="0.005" /><testcase classname="tests.test_cli" name="test_cli_modo_interativo" time="0.004" /><testcase classname="tests.test_cli" name="test_cli_argumentos_faltando" time="0.003" /><testcase classname="tests.test_generator" name="test_gerar_aventura_sucesso_com_json" time="0.004" /><testcase classname="tests.test_generator" name="test_gerar_aventura_json_invalido" time="0.003" /><testcase classname="tests.test_generator" name="test_gerar_aventura_dados_nao_conformes" time="0.004" /><testcase classname="tests.test_generator" name="test_gerar_aventura_resposta_vazia_da_api" time="0.002" /><testcase classname="tests.test_generator" name="test_gerar_aventura_excecao_generica_api" time="0.002" /><testcase classname="tests.test_resources" name="test_validade_json_prompts" time="0.002" /><testcase classname="tests.test_resources" name="test_presenca_chave_api" time="0.002" /><testcase classname="tests.test_resources" name="test_placeholders_no_prompt" time="0.002" /></testsuite></testsuites>