<?xml version="1.0" encoding="utf-8"?><testsuites name="pytest tests"><testsuite name="pytest" errors="1" failures="0" skipped="0" tests="17" time="6.195" timestamp="2026-02-23T19:25:15.200440-03:00" hostname="DESKTOP-ETLKH58"><testcase classname="tests.test_chat" name="test_gerar_aventura_batch_sucesso" time="0.414" /><testcase classname="tests.test_chat" name="test_gerar_aventura_batch_json_invalido_fallback" time="0.679" /><testcase classname="tests.test_cli" name="test_cli_help" time="0.025" /><testcase classname="tests.test_cli" name="test_cli_modo_batch" time="0.003" /><testcase classname="tests.test_cli" name="test_cli_modo_batch_com_extras" time="0.002" /><testcase classname="tests.test_cli" name="test_cli_modo_interativo" time="0.002" /><testcase classname="tests.test_cli" name="test_cli_argumentos_faltando" time="0.002" /><testcase classname="tests.test_generator" name="test_gerar_aventura_sucesso_com_json" time="0.008" /><testcase classname="tests.test_generator" name="test_gerar_aventura_json_invalido" time="0.005" /><testcase classname="tests.test_generator" name="test_gerar_aventura_dados_nao_conformes" time="0.003" /><testcase classname="tests.test_generator" name="test_gerar_aventura_resposta_vazia_da_api" time="0.002" /><testcase classname="tests.test_generator" name="test_gerar_aventura_excecao_generica_api" time="0.002" /><testcase classname="tests.test_resources" name="test_validade_json_prompts" time="0.001" /><testcase classname="tests.test_resources" name="test_presenca_chave_api" time="0.001" /><testcase classname="tests.test_resources" name="test_placeholders_no_prompt" time="0.001" /><testcase classname="test_user_models" name="test_model" time="0.000"><error message="failed on setup with &quot;file c:\Users\Anderson\Documents\Projeto\one-shot\gerador-one-shot\backend\test_user_models.py, line 20&#10;  def test_model(model_name, label):&#10;E       fixture 'model_name' not found&#10;&gt;       available fixtures: anyio_backend, anyio_backend_name, anyio_backend_options, cache, capfd, capfdbinary, caplog, capsys, capsysbinary, capteesys, class_mocker, doctest_namespace, free_tcp_port, free_tcp_port_factory, free_udp_port, free_udp_port_factory, mocker, module_mocker, monkeypatch, package_mocker, pytestconfig, record_property, record_testsuite_property, record_xml_attribute, recwarn, session_mocker, subtests, tmp_path, tmp_path_factory, tmpdir, tmpdir_factory&#10;&gt;       use 'pytest --fixtures [testpath]' for help on them.&#10;&#10;c:\Users\Anderson\Documents\Projeto\one-shot\gerador-one-shot\backend\test_user_models.py:20&quot;">file c:\Users\Anderson\Documents\Projeto\one-shot\gerador-one-shot\backend\test_user_models.py, line 20
  def test_model(model_name, label):
E       fixture 'model_name' not found
&gt;       available fixtures: anyio_backend, anyio_backend_name, anyio_backend_options, cache, capfd, capfdbinary, caplog, capsys, capsysbinary, capteesys, class_mocker, doctest_namespace, free_tcp_port, free_tcp_port_factory, free_udp_port, free_udp_port_factory, mocker, module_mocker, monkeypatch, package_mocker, pytestconfig, record_property, record_testsuite_property, record_xml_attribute, recwarn, session_mocker, subtests, tmp_path, tmp_path_factory, tmpdir, tmpdir_factory
&gt;       use 'pytest --fixtures [testpath]' for help on them.

c:\Users\Anderson\Documents\Projeto\one-shot\gerador-one-shot\backend\test_user_models.py:20</error></testcase><testcase classname="test_user_models" name="test_run_models" time="1.490" /></testsuite></testsuites>